Failed to boot JBoss:
org.jboss.netty.channel.ChannelException: Failed to bind to: localhost/127.0.0.1:11222
	at org.jboss.netty.bootstrap.ServerBootstrap.bind(ServerBootstrap.java:301)
	at org.infinispan.server.core.transport.NettyTransport.start(NettyTransport.scala:110)
	at org.infinispan.server.core.AbstractProtocolServer.startTransport(AbstractProtocolServer.scala:113)
	at org.infinispan.server.hotrod.HotRodServer.startTransport(HotRodServer.scala:108)
	at org.infinispan.server.core.AbstractProtocolServer.start(AbstractProtocolServer.scala:99)
	at org.infinispan.server.hotrod.HotRodServer.start(HotRodServer.scala:85)
	at org.infinispan.server.core.Main$.boot(Main.scala:140)
	at org.infinispan.server.core.Main$$anon$1.call(Main.scala:94)
	at org.infinispan.server.core.Main$$anon$1.call(Main.scala:91)
	at java.util.concurrent.FutureTask$Sync.innerRun(FutureTask.java:334)
	at java.util.concurrent.FutureTask.run(FutureTask.java:166)
	at java.util.concurrent.ScheduledThreadPoolExecutor$ScheduledFutureTask.access$201(ScheduledThreadPoolExecutor.java:178)
	at java.util.concurrent.ScheduledThreadPoolExecutor$ScheduledFutureTask.run(ScheduledThreadPoolExecutor.java:292)
	at java.util.concurrent.ThreadPoolExecutor.runWorker(ThreadPoolExecutor.java:1145)
	at java.util.concurrent.ThreadPoolExecutor$Worker.run(ThreadPoolExecutor.java:615)
	at java.lang.Thread.run(Thread.java:722)
Caused by: java.net.BindException: Adresse déjà utilisée
	at sun.nio.ch.Net.bind0(Native Method)
	at sun.nio.ch.Net.bind(Net.java:344)
	at sun.nio.ch.Net.bind(Net.java:336)
	at sun.nio.ch.ServerSocketChannelImpl.bind(ServerSocketChannelImpl.java:199)
	at sun.nio.ch.ServerSocketAdaptor.bind(ServerSocketAdaptor.java:74)
	at org.jboss.netty.channel.socket.nio.NioServerBoss$RegisterTask.run(NioServerBoss.java:193)
	at org.jboss.netty.channel.socket.nio.AbstractNioSelector.processTaskQueue(AbstractNioSelector.java:367)
	at org.jboss.netty.channel.socket.nio.AbstractNioSelector.run(AbstractNioSelector.java:291)
	at org.jboss.netty.channel.socket.nio.NioServerBoss.run(NioServerBoss.java:42)
	... 3 more
Exception in thread "main" java.util.concurrent.ExecutionException: org.jboss.netty.channel.ChannelException: Failed to bind to: localhost/127.0.0.1:11222
	at java.util.concurrent.FutureTask$Sync.innerGet(FutureTask.java:252)
	at java.util.concurrent.FutureTask.get(FutureTask.java:111)
	at org.infinispan.server.core.Main$.main(Main.scala:112)
	at org.infinispan.server.core.Main.main(Main.scala)
Caused by: org.jboss.netty.channel.ChannelException: Failed to bind to: localhost/127.0.0.1:11222
	at org.jboss.netty.bootstrap.ServerBootstrap.bind(ServerBootstrap.java:301)
	at org.infinispan.server.core.transport.NettyTransport.start(NettyTransport.scala:110)
	at org.infinispan.server.core.AbstractProtocolServer.startTransport(AbstractProtocolServer.scala:113)
	at org.infinispan.server.hotrod.HotRodServer.startTransport(HotRodServer.scala:108)
	at org.infinispan.server.core.AbstractProtocolServer.start(AbstractProtocolServer.scala:99)
	at org.infinispan.server.hotrod.HotRodServer.start(HotRodServer.scala:85)
	at org.infinispan.server.core.Main$.boot(Main.scala:140)
	at org.infinispan.server.core.Main$$anon$1.call(Main.scala:94)
	at org.infinispan.server.core.Main$$anon$1.call(Main.scala:91)
	at java.util.concurrent.FutureTask$Sync.innerRun(FutureTask.java:334)
	at java.util.concurrent.FutureTask.run(FutureTask.java:166)
	at java.util.concurrent.ScheduledThreadPoolExecutor$ScheduledFutureTask.access$201(ScheduledThreadPoolExecutor.java:178)
	at java.util.concurrent.ScheduledThreadPoolExecutor$ScheduledFutureTask.run(ScheduledThreadPoolExecutor.java:292)
	at java.util.concurrent.ThreadPoolExecutor.runWorker(ThreadPoolExecutor.java:1145)
	at java.util.concurrent.ThreadPoolExecutor$Worker.run(ThreadPoolExecutor.java:615)
	at java.lang.Thread.run(Thread.java:722)
Caused by: java.net.BindException: Adresse déjà utilisée
	at sun.nio.ch.Net.bind0(Native Method)
	at sun.nio.ch.Net.bind(Net.java:344)
	at sun.nio.ch.Net.bind(Net.java:336)
	at sun.nio.ch.ServerSocketChannelImpl.bind(ServerSocketChannelImpl.java:199)
	at sun.nio.ch.ServerSocketAdaptor.bind(ServerSocketAdaptor.java:74)
	at org.jboss.netty.channel.socket.nio.NioServerBoss$RegisterTask.run(NioServerBoss.java:193)
	at org.jboss.netty.channel.socket.nio.AbstractNioSelector.processTaskQueue(AbstractNioSelector.java:367)
	at org.jboss.netty.channel.socket.nio.AbstractNioSelector.run(AbstractNioSelector.java:291)
	at org.jboss.netty.channel.socket.nio.NioServerBoss.run(NioServerBoss.java:42)
	... 3 more
